<?xml version="1.0" encoding="UTF-8"?>
<!-- Generated by org.testng.reporters.JUnitXMLReporter -->
<testsuite ignored="9" hostname="DESKTOP-SKFP6VU" failures="1" tests="1" name="Default test" time="1.197" errors="0" timestamp="2024-01-08T18:41:00 IST">
  <testcase classname="testcases.LoginTest" name="verifyLoginEmptyUserName" time="1.138">
    <failure type="org.testng.internal.reflect.MethodMatcherException" message="
[public void testcases.LoginTest.verifyLoginEmptyUserName(java.lang.String)] has no parameters defined but was found to be using a data provider (either explicitly specified or inherited from class level annotation).
Data provider mismatch
Method: verifyLoginEmptyUserName([java.lang.String arg0])
Arguments: [(java.lang.String) ,(java.lang.String) jungkook97]">
      <![CDATA[org.testng.internal.reflect.MethodMatcherException: 
[public void testcases.LoginTest.verifyLoginEmptyUserName(java.lang.String)] has no parameters defined but was found to be using a data provider (either explicitly specified or inherited from class level annotation).
Data provider mismatch
Method: verifyLoginEmptyUserName([java.lang.String arg0])
Arguments: [(java.lang.String) ,(java.lang.String) jungkook97]
at org.testng.internal.reflect.DataProviderMethodMatcher.getConformingArguments(DataProviderMethodMatcher.java:46)
at org.testng.internal.Parameters.injectParameters(Parameters.java:918)
at org.testng.internal.invokers.MethodRunner.runInSequence(MethodRunner.java:50)
at org.testng.internal.invokers.TestInvoker$MethodInvocationAgent.invoke(TestInvoker.java:961)
at org.testng.internal.invokers.TestInvoker.invokeTestMethods(TestInvoker.java:201)
at org.testng.internal.invokers.TestMethodWorker.invokeTestMethods(TestMethodWorker.java:148)
at org.testng.internal.invokers.TestMethodWorker.run(TestMethodWorker.java:128)
at java.base/java.util.ArrayList.forEach(ArrayList.java:1511)
at org.testng.TestRunner.privateRun(TestRunner.java:819)
at org.testng.TestRunner.run(TestRunner.java:619)
at org.testng.SuiteRunner.runTest(SuiteRunner.java:443)
at org.testng.SuiteRunner.runSequentially(SuiteRunner.java:437)
at org.testng.SuiteRunner.privateRun(SuiteRunner.java:397)
at org.testng.SuiteRunner.run(SuiteRunner.java:336)
at org.testng.SuiteRunnerWorker.runSuite(SuiteRunnerWorker.java:52)
at org.testng.SuiteRunnerWorker.run(SuiteRunnerWorker.java:95)
at org.testng.TestNG.runSuitesSequentially(TestNG.java:1301)
at org.testng.TestNG.runSuitesLocally(TestNG.java:1228)
at org.testng.TestNG.runSuites(TestNG.java:1134)
at org.testng.TestNG.run(TestNG.java:1101)
at org.testng.remote.AbstractRemoteTestNG.run(AbstractRemoteTestNG.java:115)
at org.testng.remote.RemoteTestNG.initAndRun(RemoteTestNG.java:251)
at org.testng.remote.RemoteTestNG.main(RemoteTestNG.java:77)
]]>
    </failure>
  </testcase> <!-- verifyLoginEmptyUserName -->
  <testcase classname="testcases.LoginTest" name="verifyLoginEmptyPassword" time="0.0">
    <ignored/>
  </testcase> <!-- verifyLoginEmptyPassword -->
  <testcase classname="testcases.LoginTest" name="verifyLoginInvalid" time="0.0">
    <ignored/>
  </testcase> <!-- verifyLoginInvalid -->
  <testcase classname="testcases.LoginTest" name="forgotPasswordEnable" time="0.0">
    <ignored/>
  </testcase> <!-- forgotPasswordEnable -->
  <testcase classname="testcases.LoginTest" name="verifyLoginEmptyCredentials" time="0.0">
    <ignored/>
  </testcase> <!-- verifyLoginEmptyCredentials -->
  <testcase classname="testcases.LoginTest" name="verifyLoginInvalidPassword" time="0.0">
    <ignored/>
  </testcase> <!-- verifyLoginInvalidPassword -->
  <testcase classname="testcases.LoginTest" name="verifySignUp" time="0.0">
    <ignored/>
  </testcase> <!-- verifySignUp -->
  <testcase classname="testcases.LoginTest" name="verifyForgotPassword" time="0.0">
    <ignored/>
  </testcase> <!-- verifyForgotPassword -->
  <testcase classname="testcases.LoginTest" name="verifyRememberme" time="0.0">
    <ignored/>
  </testcase> <!-- verifyRememberme -->
  <testcase classname="testcases.LoginTest" name="verifyLoginValidCredentials" time="0.0">
    <ignored/>
  </testcase> <!-- verifyLoginValidCredentials -->
</testsuite> <!-- Default test -->
