<?xml version="1.0" encoding="UTF-8"?>
<!-- Generated by org.testng.reporters.JUnitXMLReporter -->
<testsuite ignored="31" hostname="DESKTOP-SKFP6VU" failures="1" tests="3" name="Test" time="13.219" errors="0" timestamp="2024-01-10T18:37:22 IST">
  <testcase classname="testcases.LoginTest" name="@BeforeMethod setUp" time="0.007">
    <failure type="java.lang.NullPointerException" message="Cannot invoke &amp;quot;org.openqa.selenium.SearchContext.findElement(org.openqa.selenium.By)&amp;quot; because &amp;quot;this.searchContext&amp;quot; is null">
      <![CDATA[java.lang.NullPointerException: Cannot invoke "org.openqa.selenium.SearchContext.findElement(org.openqa.selenium.By)" because "this.searchContext" is null
at org.openqa.selenium.support.pagefactory.DefaultElementLocator.findElement(DefaultElementLocator.java:69)
at org.openqa.selenium.support.pagefactory.internal.LocatingElementHandler.invoke(LocatingElementHandler.java:38)
at jdk.proxy2/jdk.proxy2.$Proxy13.click(Unknown Source)
at testcases.LoginTest.setUp(LoginTest.java:24)
at java.base/java.util.ArrayList.forEach(ArrayList.java:1511)
... Removed 31 stack frames]]>
    </failure>
  </testcase> <!-- @BeforeMethod setUp -->
  <testcase classname="testcases.SearchTest" name="@AfterTest tearDown" time="2.014">
    <failure type="java.lang.NullPointerException" message="Cannot invoke &amp;quot;org.openqa.selenium.WebDriver.close()&amp;quot; because &amp;quot;this.driver&amp;quot; is null">
      <![CDATA[java.lang.NullPointerException: Cannot invoke "org.openqa.selenium.WebDriver.close()" because "this.driver" is null
at testcases.SearchTest.tearDown(SearchTest.java:90)
... Removed 24 stack frames]]>
    </failure>
  </testcase> <!-- @AfterTest tearDown -->
  <testcase classname="testcases.RegistrationTest" name="validRegistratinCredentials" time="2.253"/>
  <testcase classname="testcases.LoginTest" name="verifyLoginValidCredentials" time="0.001">
    <skipped/>
  </testcase> <!-- verifyLoginValidCredentials -->
  <testcase classname="testcases.SearchTest" name="verifySearch" time="0.004">
    <failure type="java.lang.NullPointerException" message="Cannot invoke &amp;quot;org.openqa.selenium.SearchContext.findElement(org.openqa.selenium.By)&amp;quot; because &amp;quot;this.searchContext&amp;quot; is null">
      <![CDATA[java.lang.NullPointerException: Cannot invoke "org.openqa.selenium.SearchContext.findElement(org.openqa.selenium.By)" because "this.searchContext" is null
at org.openqa.selenium.support.pagefactory.DefaultElementLocator.findElement(DefaultElementLocator.java:69)
at org.openqa.selenium.support.pagefactory.internal.LocatingElementHandler.invoke(LocatingElementHandler.java:38)
at jdk.proxy2/jdk.proxy2.$Proxy13.click(Unknown Source)
at pom.SearchFunctionality.doSearch(SearchFunctionality.java:30)
at testcases.SearchTest.verifySearch(SearchTest.java:36)
at java.base/java.util.ArrayList.forEach(ArrayList.java:1511)
... Removed 27 stack frames]]>
    </failure>
  </testcase> <!-- verifySearch -->
  <testcase classname="testcases.RegistrationTest" name="signinButtonEnable" time="0.0">
    <ignored/>
  </testcase> <!-- signinButtonEnable -->
  <testcase classname="testcases.RegistrationTest" name="duplicateEmailID" time="0.0">
    <ignored/>
  </testcase> <!-- duplicateEmailID -->
  <testcase classname="testcases.RegistrationTest" name="verifySigninButton" time="0.0">
    <ignored/>
  </testcase> <!-- verifySigninButton -->
  <testcase classname="testcases.RegistrationTest" name="mismatchPasswordConPassword" time="0.0">
    <ignored/>
  </testcase> <!-- mismatchPasswordConPassword -->
  <testcase classname="testcases.SearchTest" name="verifySearchAutoSuggestions" time="0.0">
    <ignored/>
  </testcase> <!-- verifySearchAutoSuggestions -->
  <testcase classname="testcases.LoginTest" name="verifyForgotPassword" time="0.0">
    <ignored/>
  </testcase> <!-- verifyForgotPassword -->
  <testcase classname="testcases.RegistrationTest" name="regElementsAvailable" time="0.0">
    <ignored/>
  </testcase> <!-- regElementsAvailable -->
  <testcase classname="testcases.SearchTest" name="verifySearchEmpty" time="0.0">
    <ignored/>
  </testcase> <!-- verifySearchEmpty -->
  <testcase classname="testcases.RegistrationTest" name="emptyFirstName" time="0.0">
    <ignored/>
  </testcase> <!-- emptyFirstName -->
  <testcase classname="testcases.RegistrationTest" name="emptyLastName" time="0.0">
    <ignored/>
  </testcase> <!-- emptyLastName -->
  <testcase classname="testcases.RegistrationTest" name="verifyShowConPassword" time="0.0">
    <ignored/>
  </testcase> <!-- verifyShowConPassword -->
  <testcase classname="testcases.RegistrationTest" name="verifyShowPassword" time="0.0">
    <ignored/>
  </testcase> <!-- verifyShowPassword -->
  <testcase classname="testcases.LoginTest" name="forgotPasswordEnable" time="0.0">
    <ignored/>
  </testcase> <!-- forgotPasswordEnable -->
  <testcase classname="testcases.LoginTest" name="verifyEnterButton" time="0.0">
    <ignored/>
  </testcase> <!-- verifyEnterButton -->
  <testcase classname="testcases.RegistrationTest" name="emptyPassword" time="0.0">
    <ignored/>
  </testcase> <!-- emptyPassword -->
  <testcase classname="testcases.RegistrationTest" name="emptyConfirmPassword" time="0.0">
    <ignored/>
  </testcase> <!-- emptyConfirmPassword -->
  <testcase classname="testcases.LoginTest" name="verifyTabButton" time="0.0">
    <ignored/>
  </testcase> <!-- verifyTabButton -->
  <testcase classname="testcases.LoginTest" name="verifyShowPassword" time="0.0">
    <ignored/>
  </testcase> <!-- verifyShowPassword -->
  <testcase classname="testcases.LoginTest" name="verifyLoginInvalidPassword" time="0.0">
    <ignored/>
  </testcase> <!-- verifyLoginInvalidPassword -->
  <testcase classname="testcases.RegistrationTest" name="signupButtonEnable" time="0.0">
    <ignored/>
  </testcase> <!-- signupButtonEnable -->
  <testcase classname="testcases.RegistrationTest" name="invalidPasswordLength" time="0.0">
    <ignored/>
  </testcase> <!-- invalidPasswordLength -->
  <testcase classname="testcases.LoginTest" name="verifyRememberme" time="0.0">
    <ignored/>
  </testcase> <!-- verifyRememberme -->
  <testcase classname="testcases.RegistrationTest" name="emptyEmail" time="0.0">
    <ignored/>
  </testcase> <!-- emptyEmail -->
  <testcase classname="testcases.RegistrationTest" name="emptyPhoneNum" time="0.0">
    <ignored/>
  </testcase> <!-- emptyPhoneNum -->
  <testcase classname="testcases.LoginTest" name="signupEnabled" time="0.0">
    <ignored/>
  </testcase> <!-- signupEnabled -->
  <testcase classname="testcases.LoginTest" name="verifyLoginEmptyUserName" time="0.0">
    <ignored/>
  </testcase> <!-- verifyLoginEmptyUserName -->
  <testcase classname="testcases.LoginTest" name="verifySignUp" time="0.0">
    <ignored/>
  </testcase> <!-- verifySignUp -->
  <testcase classname="testcases.LoginTest" name="verifyLoginEmptyPassword" time="0.0">
    <ignored/>
  </testcase> <!-- verifyLoginEmptyPassword -->
  <testcase classname="testcases.LoginTest" name="verifyLoginInvalid" time="0.0">
    <ignored/>
  </testcase> <!-- verifyLoginInvalid -->
  <testcase classname="testcases.RegistrationTest" name="duplicatePhoneNum" time="0.0">
    <ignored/>
  </testcase> <!-- duplicatePhoneNum -->
  <testcase classname="testcases.LoginTest" name="verifyLoginEmptyCredentials" time="0.0">
    <ignored/>
  </testcase> <!-- verifyLoginEmptyCredentials -->
</testsuite> <!-- Test -->
